13:31:08.432  INFO [main] b.c.i.InsuranceAdvisorApplication:55 - Starting InsuranceAdvisorApplication on msilvadev with PID 29579 (/home/msilvadev/Documents/workspace/insurance-advisor/target/classes started by msilvadev in /home/msilvadev/Documents/workspace/insurance-advisor)
13:31:08.439  INFO [main] b.c.i.InsuranceAdvisorApplication:655 - The following profiles are active: dev
13:31:10.658  INFO [main] b.c.i.InsuranceAdvisorApplication:61 - Started InsuranceAdvisorApplication in 3.054 seconds (JVM running for 5.086)
13:31:10.668  INFO [main] b.c.i.InsuranceAdvisorApplication:21 - InsuranceAdvisorApplication has completed startup
13:32:24.533  INFO [http-nio-8090-exec-2] b.c.i.c.RiskAnalysisController:32 - Called RiskAnalysisController method analyse (Analysis{age=35, dependents=2, house=br.com.insuranceadvisor.models.HouseStatus@2ab60b6a, income=0, maritalStatus=null, risk_questions=[0, 1, 0], vehicle=br.com.insuranceadvisor.models.Vehicle@5233966a})
13:36:35.455  INFO [main] b.c.i.InsuranceAdvisorApplication:55 - Starting InsuranceAdvisorApplication on msilvadev with PID 31442 (/home/msilvadev/Documents/workspace/insurance-advisor/target/classes started by msilvadev in /home/msilvadev/Documents/workspace/insurance-advisor)
13:36:35.457  INFO [main] b.c.i.InsuranceAdvisorApplication:655 - The following profiles are active: dev
13:36:37.068  INFO [main] b.c.i.InsuranceAdvisorApplication:61 - Started InsuranceAdvisorApplication in 2.321 seconds (JVM running for 2.956)
13:36:37.072  INFO [main] b.c.i.InsuranceAdvisorApplication:21 - InsuranceAdvisorApplication has completed startup
13:36:53.505  WARN [http-nio-8090-exec-2] o.s.w.s.m.s.DefaultHandlerExceptionResolver:199 - Resolved [org.springframework.http.converter.HttpMessageNotReadableException: JSON parse error: Cannot deserialize value of type `br.com.insuranceadvisor.models.MaritalStatus` from String "married": not one of the values accepted for Enum class: [SINGLE, MARRIED]; nested exception is com.fasterxml.jackson.databind.exc.InvalidFormatException: Cannot deserialize value of type `br.com.insuranceadvisor.models.MaritalStatus` from String "married": not one of the values accepted for Enum class: [SINGLE, MARRIED]
 at [Source: (PushbackInputStream); line: 6, column: 21] (through reference chain: br.com.insuranceadvisor.models.Analysis["marital_status"])]
13:39:00.703  INFO [main] b.c.i.InsuranceAdvisorApplication:55 - Starting InsuranceAdvisorApplication on msilvadev with PID 31655 (/home/msilvadev/Documents/workspace/insurance-advisor/target/classes started by msilvadev in /home/msilvadev/Documents/workspace/insurance-advisor)
13:39:00.704  INFO [main] b.c.i.InsuranceAdvisorApplication:655 - The following profiles are active: dev
13:39:02.332  INFO [main] b.c.i.InsuranceAdvisorApplication:61 - Started InsuranceAdvisorApplication in 2.208 seconds (JVM running for 2.891)
13:39:02.337  INFO [main] b.c.i.InsuranceAdvisorApplication:21 - InsuranceAdvisorApplication has completed startup
13:39:11.963  WARN [http-nio-8090-exec-2] o.s.w.s.m.s.DefaultHandlerExceptionResolver:199 - Resolved [org.springframework.http.converter.HttpMessageNotReadableException: JSON parse error: Cannot deserialize value of type `br.com.insuranceadvisor.models.MaritalStatus` from String "married": not one of the values accepted for Enum class: [SINGLE, MARRIED]; nested exception is com.fasterxml.jackson.databind.exc.InvalidFormatException: Cannot deserialize value of type `br.com.insuranceadvisor.models.MaritalStatus` from String "married": not one of the values accepted for Enum class: [SINGLE, MARRIED]
 at [Source: (PushbackInputStream); line: 6, column: 21] (through reference chain: br.com.insuranceadvisor.models.Analysis["marital_status"])]
13:42:33.068  INFO [main] b.c.i.InsuranceAdvisorApplication:55 - Starting InsuranceAdvisorApplication on msilvadev with PID 31954 (/home/msilvadev/Documents/workspace/insurance-advisor/target/classes started by msilvadev in /home/msilvadev/Documents/workspace/insurance-advisor)
13:42:33.069  INFO [main] b.c.i.InsuranceAdvisorApplication:655 - The following profiles are active: dev
13:42:34.682  INFO [main] b.c.i.InsuranceAdvisorApplication:61 - Started InsuranceAdvisorApplication in 2.222 seconds (JVM running for 2.945)
13:42:34.687  INFO [main] b.c.i.InsuranceAdvisorApplication:21 - InsuranceAdvisorApplication has completed startup
13:42:39.886  INFO [http-nio-8090-exec-2] b.c.i.c.RiskAnalysisController:32 - Called RiskAnalysisController method analyse (Analysis{age=35, dependents=2, house=HouseStatus{ownershipStatus=null}, income=0, marital_status=married, risk_questions=[0, 1, 0], vehicle=Vehicle{year=2018}})
13:48:28.070  INFO [main] b.c.i.InsuranceAdvisorApplication:55 - Starting InsuranceAdvisorApplication on msilvadev with PID 32427 (/home/msilvadev/Documents/workspace/insurance-advisor/target/classes started by msilvadev in /home/msilvadev/Documents/workspace/insurance-advisor)
13:48:28.071  INFO [main] b.c.i.InsuranceAdvisorApplication:655 - The following profiles are active: dev
13:48:29.793  INFO [main] b.c.i.InsuranceAdvisorApplication:61 - Started InsuranceAdvisorApplication in 2.408 seconds (JVM running for 3.477)
13:48:29.800  INFO [main] b.c.i.InsuranceAdvisorApplication:21 - InsuranceAdvisorApplication has completed startup
13:48:39.403  INFO [main] b.c.i.InsuranceAdvisorApplication:55 - Starting InsuranceAdvisorApplication on msilvadev with PID 32546 (/home/msilvadev/Documents/workspace/insurance-advisor/target/classes started by msilvadev in /home/msilvadev/Documents/workspace/insurance-advisor)
13:48:39.405  INFO [main] b.c.i.InsuranceAdvisorApplication:655 - The following profiles are active: dev
13:48:40.881  INFO [main] b.c.i.InsuranceAdvisorApplication:61 - Started InsuranceAdvisorApplication in 2.264 seconds (JVM running for 3.122)
13:48:40.886  INFO [main] b.c.i.InsuranceAdvisorApplication:21 - InsuranceAdvisorApplication has completed startup
13:49:04.709  WARN [http-nio-8090-exec-1] o.s.w.s.m.s.DefaultHandlerExceptionResolver:199 - Resolved [org.springframework.http.converter.HttpMessageNotReadableException: JSON parse error: Cannot deserialize value of type `br.com.insuranceadvisor.models.MaritalStatus` from String "married": not one of the values accepted for Enum class: [SINGLE, MARRIED]; nested exception is com.fasterxml.jackson.databind.exc.InvalidFormatException: Cannot deserialize value of type `br.com.insuranceadvisor.models.MaritalStatus` from String "married": not one of the values accepted for Enum class: [SINGLE, MARRIED]
 at [Source: (PushbackInputStream); line: 6, column: 21] (through reference chain: br.com.insuranceadvisor.models.Analysis["marital_status"])]
13:50:56.049  INFO [main] b.c.i.InsuranceAdvisorApplication:55 - Starting InsuranceAdvisorApplication on msilvadev with PID 322 (/home/msilvadev/Documents/workspace/insurance-advisor/target/classes started by msilvadev in /home/msilvadev/Documents/workspace/insurance-advisor)
13:50:56.052  INFO [main] b.c.i.InsuranceAdvisorApplication:655 - The following profiles are active: dev
13:50:57.715  INFO [main] b.c.i.InsuranceAdvisorApplication:61 - Started InsuranceAdvisorApplication in 2.398 seconds (JVM running for 3.204)
13:50:57.719  INFO [main] b.c.i.InsuranceAdvisorApplication:21 - InsuranceAdvisorApplication has completed startup
13:51:04.739  INFO [http-nio-8090-exec-2] b.c.i.c.RiskAnalysisController:32 - Called RiskAnalysisController method analyse (Analysis{age=35, dependents=2, house=HouseStatus{ownershipStatus=null}, income=0, marital_status=MARRIED, risk_questions=[0, 1, 0], vehicle=Vehicle{year=2018}})
13:52:00.478  INFO [main] b.c.i.InsuranceAdvisorApplication:55 - Starting InsuranceAdvisorApplication on msilvadev with PID 503 (/home/msilvadev/Documents/workspace/insurance-advisor/target/classes started by msilvadev in /home/msilvadev/Documents/workspace/insurance-advisor)
13:52:00.479  INFO [main] b.c.i.InsuranceAdvisorApplication:655 - The following profiles are active: dev
13:52:02.102  INFO [main] b.c.i.InsuranceAdvisorApplication:61 - Started InsuranceAdvisorApplication in 2.257 seconds (JVM running for 3.205)
13:52:02.107  INFO [main] b.c.i.InsuranceAdvisorApplication:21 - InsuranceAdvisorApplication has completed startup
13:52:22.140  INFO [http-nio-8090-exec-2] b.c.i.c.RiskAnalysisController:32 - Called RiskAnalysisController method analyse (Analysis{age=35, dependents=2, house=HouseStatus{ownershipStatus=null}, income=0, marital_status=MARRIED, risk_questions=[0, 1, 0], vehicle=Vehicle{year=2018}})
13:54:59.070  INFO [main] b.c.i.InsuranceAdvisorApplication:55 - Starting InsuranceAdvisorApplication on msilvadev with PID 681 (/home/msilvadev/Documents/workspace/insurance-advisor/target/classes started by msilvadev in /home/msilvadev/Documents/workspace/insurance-advisor)
13:54:59.071  INFO [main] b.c.i.InsuranceAdvisorApplication:655 - The following profiles are active: dev
13:55:00.898  INFO [main] b.c.i.InsuranceAdvisorApplication:61 - Started InsuranceAdvisorApplication in 2.32 seconds (JVM running for 4.316)
13:55:00.903  INFO [main] b.c.i.InsuranceAdvisorApplication:21 - InsuranceAdvisorApplication has completed startup
13:55:43.192  INFO [http-nio-8090-exec-2] b.c.i.c.RiskAnalysisController:32 - Called RiskAnalysisController method analyse (Analysis{age=35, dependents=2, house=HouseStatus{ownershipStatus=null}, income=0, marital_status=MARRIED, risk_questions=[0, 1, 0], vehicle=Vehicle{year=2018}})
13:56:32.032  INFO [main] b.c.i.InsuranceAdvisorApplication:55 - Starting InsuranceAdvisorApplication on msilvadev with PID 851 (/home/msilvadev/Documents/workspace/insurance-advisor/target/classes started by msilvadev in /home/msilvadev/Documents/workspace/insurance-advisor)
13:56:32.033  INFO [main] b.c.i.InsuranceAdvisorApplication:655 - The following profiles are active: dev
13:56:33.658  INFO [main] b.c.i.InsuranceAdvisorApplication:61 - Started InsuranceAdvisorApplication in 2.283 seconds (JVM running for 3.188)
13:56:33.662  INFO [main] b.c.i.InsuranceAdvisorApplication:21 - InsuranceAdvisorApplication has completed startup
13:56:40.231  INFO [http-nio-8090-exec-1] b.c.i.c.RiskAnalysisController:32 - Called RiskAnalysisController method analyse (Analysis{age=35, dependents=2, house=HouseStatus{ownershipStatus=OWNED}, income=0, marital_status=MARRIED, risk_questions=[0, 1, 0], vehicle=Vehicle{year=2018}})
13:59:19.760  INFO [main] b.c.i.InsuranceAdvisorApplication:55 - Starting InsuranceAdvisorApplication on msilvadev with PID 1145 (/home/msilvadev/Documents/workspace/insurance-advisor/target/classes started by msilvadev in /home/msilvadev/Documents/workspace/insurance-advisor)
13:59:19.762  INFO [main] b.c.i.InsuranceAdvisorApplication:655 - The following profiles are active: dev
13:59:21.406  INFO [main] b.c.i.InsuranceAdvisorApplication:61 - Started InsuranceAdvisorApplication in 2.258 seconds (JVM running for 3.099)
13:59:21.410  INFO [main] b.c.i.InsuranceAdvisorApplication:21 - InsuranceAdvisorApplication has completed startup
13:59:34.891  INFO [http-nio-8090-exec-2] b.c.i.c.RiskAnalysisController:32 - Called RiskAnalysisController method analyse (Analysis{age=35, dependents=2, house=HouseStatus{ownershipStatus=OWNED}, income=0, marital_status=MARRIED, risk_questions=[0, 1, 0], vehicle=Vehicle{year=2018}})
14:00:05.223  WARN [http-nio-8090-exec-3] o.h.v.i.e.m.ElTermResolver:70 - HV000129: EL expression '${age.positive}' references an unknown property
javax.el.PropertyNotFoundException: ELResolver cannot handle a null base Object with identifier 'age'
	at com.sun.el.lang.ELSupport.throwUnhandled(ELSupport.java:42)
	at com.sun.el.parser.AstIdentifier.getValue(AstIdentifier.java:100)
	at com.sun.el.parser.AstValue.getBase(AstValue.java:125)
	at com.sun.el.parser.AstValue.getValue(AstValue.java:173)
	at com.sun.el.ValueExpressionImpl.getValue(ValueExpressionImpl.java:183)
	at org.hibernate.validator.internal.engine.messageinterpolation.ElTermResolver.interpolate(ElTermResolver.java:67)
	at org.hibernate.validator.internal.engine.messageinterpolation.InterpolationTerm.interpolate(InterpolationTerm.java:64)
	at org.hibernate.validator.messageinterpolation.ResourceBundleMessageInterpolator.interpolate(ResourceBundleMessageInterpolator.java:159)
	at org.hibernate.validator.messageinterpolation.AbstractMessageInterpolator.interpolateExpression(AbstractMessageInterpolator.java:519)
	at org.hibernate.validator.messageinterpolation.AbstractMessageInterpolator.interpolateMessage(AbstractMessageInterpolator.java:415)
	at org.hibernate.validator.messageinterpolation.AbstractMessageInterpolator.interpolate(AbstractMessageInterpolator.java:355)
	at org.springframework.validation.beanvalidation.LocaleContextMessageInterpolator.interpolate(LocaleContextMessageInterpolator.java:51)
	at org.hibernate.validator.internal.engine.validationcontext.AbstractValidationContext.interpolate(AbstractValidationContext.java:313)
	at org.hibernate.validator.internal.engine.validationcontext.AbstractValidationContext.addConstraintFailure(AbstractValidationContext.java:230)
	at org.hibernate.validator.internal.engine.constraintvalidation.ConstraintTree.validateConstraints(ConstraintTree.java:79)
	at org.hibernate.validator.internal.metadata.core.MetaConstraint.doValidateConstraint(MetaConstraint.java:130)
	at org.hibernate.validator.internal.metadata.core.MetaConstraint.validateConstraint(MetaConstraint.java:123)
	at org.hibernate.validator.internal.engine.ValidatorImpl.validateMetaConstraint(ValidatorImpl.java:555)
	at org.hibernate.validator.internal.engine.ValidatorImpl.validateConstraintsForSingleDefaultGroupElement(ValidatorImpl.java:518)
	at org.hibernate.validator.internal.engine.ValidatorImpl.validateConstraintsForDefaultGroup(ValidatorImpl.java:488)
	at org.hibernate.validator.internal.engine.ValidatorImpl.validateConstraintsForCurrentGroup(ValidatorImpl.java:450)
	at org.hibernate.validator.internal.engine.ValidatorImpl.validateInContext(ValidatorImpl.java:400)
	at org.hibernate.validator.internal.engine.ValidatorImpl.validate(ValidatorImpl.java:172)
	at org.springframework.validation.beanvalidation.SpringValidatorAdapter.validate(SpringValidatorAdapter.java:117)
	at org.springframework.boot.autoconfigure.validation.ValidatorAdapter.validate(ValidatorAdapter.java:70)
	at org.springframework.validation.DataBinder.validate(DataBinder.java:889)
	at org.springframework.web.servlet.mvc.method.annotation.AbstractMessageConverterMethodArgumentResolver.validateIfApplicable(AbstractMessageConverterMethodArgumentResolver.java:266)
	at org.springframework.web.servlet.mvc.method.annotation.RequestResponseBodyMethodProcessor.resolveArgument(RequestResponseBodyMethodProcessor.java:137)
	at org.springframework.web.method.support.HandlerMethodArgumentResolverComposite.resolveArgument(HandlerMethodArgumentResolverComposite.java:121)
	at org.springframework.web.method.support.InvocableHandlerMethod.getMethodArgumentValues(InvocableHandlerMethod.java:167)
	at org.springframework.web.method.support.InvocableHandlerMethod.invokeForRequest(InvocableHandlerMethod.java:134)
	at org.springframework.web.servlet.mvc.method.annotation.ServletInvocableHandlerMethod.invokeAndHandle(ServletInvocableHandlerMethod.java:105)
	at org.springframework.web.servlet.mvc.method.annotation.RequestMappingHandlerAdapter.invokeHandlerMethod(RequestMappingHandlerAdapter.java:878)
	at org.springframework.web.servlet.mvc.method.annotation.RequestMappingHandlerAdapter.handleInternal(RequestMappingHandlerAdapter.java:792)
	at org.springframework.web.servlet.mvc.method.AbstractHandlerMethodAdapter.handle(AbstractHandlerMethodAdapter.java:87)
	at org.springframework.web.servlet.DispatcherServlet.doDispatch(DispatcherServlet.java:1040)
	at org.springframework.web.servlet.DispatcherServlet.doService(DispatcherServlet.java:943)
	at org.springframework.web.servlet.FrameworkServlet.processRequest(FrameworkServlet.java:1006)
	at org.springframework.web.servlet.FrameworkServlet.doPost(FrameworkServlet.java:909)
	at javax.servlet.http.HttpServlet.service(HttpServlet.java:652)
	at org.springframework.web.servlet.FrameworkServlet.service(FrameworkServlet.java:883)
	at javax.servlet.http.HttpServlet.service(HttpServlet.java:733)
	at org.apache.catalina.core.ApplicationFilterChain.internalDoFilter(ApplicationFilterChain.java:231)
	at org.apache.catalina.core.ApplicationFilterChain.doFilter(ApplicationFilterChain.java:166)
	at org.apache.tomcat.websocket.server.WsFilter.doFilter(WsFilter.java:53)
	at org.apache.catalina.core.ApplicationFilterChain.internalDoFilter(ApplicationFilterChain.java:193)
	at org.apache.catalina.core.ApplicationFilterChain.doFilter(ApplicationFilterChain.java:166)
	at org.springframework.web.filter.RequestContextFilter.doFilterInternal(RequestContextFilter.java:100)
	at org.springframework.web.filter.OncePerRequestFilter.doFilter(OncePerRequestFilter.java:119)
	at org.apache.catalina.core.ApplicationFilterChain.internalDoFilter(ApplicationFilterChain.java:193)
	at org.apache.catalina.core.ApplicationFilterChain.doFilter(ApplicationFilterChain.java:166)
	at org.springframework.web.filter.FormContentFilter.doFilterInternal(FormContentFilter.java:93)
	at org.springframework.web.filter.OncePerRequestFilter.doFilter(OncePerRequestFilter.java:119)
	at org.apache.catalina.core.ApplicationFilterChain.internalDoFilter(ApplicationFilterChain.java:193)
	at org.apache.catalina.core.ApplicationFilterChain.doFilter(ApplicationFilterChain.java:166)
	at org.springframework.boot.actuate.metrics.web.servlet.WebMvcMetricsFilter.doFilterInternal(WebMvcMetricsFilter.java:93)
	at org.springframework.web.filter.OncePerRequestFilter.doFilter(OncePerRequestFilter.java:119)
	at org.apache.catalina.core.ApplicationFilterChain.internalDoFilter(ApplicationFilterChain.java:193)
	at org.apache.catalina.core.ApplicationFilterChain.doFilter(ApplicationFilterChain.java:166)
	at org.springframework.web.filter.CharacterEncodingFilter.doFilterInternal(CharacterEncodingFilter.java:201)
	at org.springframework.web.filter.OncePerRequestFilter.doFilter(OncePerRequestFilter.java:119)
	at org.apache.catalina.core.ApplicationFilterChain.internalDoFilter(ApplicationFilterChain.java:193)
	at org.apache.catalina.core.ApplicationFilterChain.doFilter(ApplicationFilterChain.java:166)
	at org.apache.catalina.core.StandardWrapperValve.invoke(StandardWrapperValve.java:202)
	at org.apache.catalina.core.StandardContextValve.invoke(StandardContextValve.java:96)
	at org.apache.catalina.authenticator.AuthenticatorBase.invoke(AuthenticatorBase.java:541)
	at org.apache.catalina.core.StandardHostValve.invoke(StandardHostValve.java:139)
	at org.apache.catalina.valves.ErrorReportValve.invoke(ErrorReportValve.java:92)
	at org.apache.catalina.core.StandardEngineValve.invoke(StandardEngineValve.java:74)
	at org.apache.catalina.connector.CoyoteAdapter.service(CoyoteAdapter.java:343)
	at org.apache.coyote.http11.Http11Processor.service(Http11Processor.java:373)
	at org.apache.coyote.AbstractProcessorLight.process(AbstractProcessorLight.java:65)
	at org.apache.coyote.AbstractProtocol$ConnectionHandler.process(AbstractProtocol.java:868)
	at org.apache.tomcat.util.net.NioEndpoint$SocketProcessor.doRun(NioEndpoint.java:1589)
	at org.apache.tomcat.util.net.SocketProcessorBase.run(SocketProcessorBase.java:49)
	at java.base/java.util.concurrent.ThreadPoolExecutor.runWorker(ThreadPoolExecutor.java:1128)
	at java.base/java.util.concurrent.ThreadPoolExecutor$Worker.run(ThreadPoolExecutor.java:628)
	at org.apache.tomcat.util.threads.TaskThread$WrappingRunnable.run(TaskThread.java:61)
	at java.base/java.lang.Thread.run(Thread.java:834)
14:00:05.233  WARN [http-nio-8090-exec-3] o.s.w.s.m.s.DefaultHandlerExceptionResolver:199 - Resolved [org.springframework.web.bind.MethodArgumentNotValidException: Validation failed for argument [0] in public org.springframework.http.ResponseEntity<br.com.insuranceadvisor.models.RiskProfile> br.com.insuranceadvisor.controllers.RiskAnalysisController.analyse(br.com.insuranceadvisor.models.Analysis): [Field error in object 'analysis' on field 'age': rejected value [-1]; codes [PositiveOrZero.analysis.age,PositiveOrZero.age,PositiveOrZero.int,PositiveOrZero]; arguments [org.springframework.context.support.DefaultMessageSourceResolvable: codes [analysis.age,age]; arguments []; default message [age]]; default message [${age.positive}]] ]
14:00:45.032  WARN [http-nio-8090-exec-4] o.h.v.i.e.m.ElTermResolver:70 - HV000129: EL expression '${dependents.positive}' references an unknown property
javax.el.PropertyNotFoundException: ELResolver cannot handle a null base Object with identifier 'dependents'
	at com.sun.el.lang.ELSupport.throwUnhandled(ELSupport.java:42)
	at com.sun.el.parser.AstIdentifier.getValue(AstIdentifier.java:100)
	at com.sun.el.parser.AstValue.getBase(AstValue.java:125)
	at com.sun.el.parser.AstValue.getValue(AstValue.java:173)
	at com.sun.el.ValueExpressionImpl.getValue(ValueExpressionImpl.java:183)
	at org.hibernate.validator.internal.engine.messageinterpolation.ElTermResolver.interpolate(ElTermResolver.java:67)
	at org.hibernate.validator.internal.engine.messageinterpolation.InterpolationTerm.interpolate(InterpolationTerm.java:64)
	at org.hibernate.validator.messageinterpolation.ResourceBundleMessageInterpolator.interpolate(ResourceBundleMessageInterpolator.java:159)
	at org.hibernate.validator.messageinterpolation.AbstractMessageInterpolator.interpolateExpression(AbstractMessageInterpolator.java:519)
	at org.hibernate.validator.messageinterpolation.AbstractMessageInterpolator.interpolateMessage(AbstractMessageInterpolator.java:415)
	at org.hibernate.validator.messageinterpolation.AbstractMessageInterpolator.interpolate(AbstractMessageInterpolator.java:355)
	at org.springframework.validation.beanvalidation.LocaleContextMessageInterpolator.interpolate(LocaleContextMessageInterpolator.java:51)
	at org.hibernate.validator.internal.engine.validationcontext.AbstractValidationContext.interpolate(AbstractValidationContext.java:313)
	at org.hibernate.validator.internal.engine.validationcontext.AbstractValidationContext.addConstraintFailure(AbstractValidationContext.java:230)
	at org.hibernate.validator.internal.engine.constraintvalidation.ConstraintTree.validateConstraints(ConstraintTree.java:79)
	at org.hibernate.validator.internal.metadata.core.MetaConstraint.doValidateConstraint(MetaConstraint.java:130)
	at org.hibernate.validator.internal.metadata.core.MetaConstraint.validateConstraint(MetaConstraint.java:123)
	at org.hibernate.validator.internal.engine.ValidatorImpl.validateMetaConstraint(ValidatorImpl.java:555)
	at org.hibernate.validator.internal.engine.ValidatorImpl.validateConstraintsForSingleDefaultGroupElement(ValidatorImpl.java:518)
	at org.hibernate.validator.internal.engine.ValidatorImpl.validateConstraintsForDefaultGroup(ValidatorImpl.java:488)
	at org.hibernate.validator.internal.engine.ValidatorImpl.validateConstraintsForCurrentGroup(ValidatorImpl.java:450)
	at org.hibernate.validator.internal.engine.ValidatorImpl.validateInContext(ValidatorImpl.java:400)
	at org.hibernate.validator.internal.engine.ValidatorImpl.validate(ValidatorImpl.java:172)
	at org.springframework.validation.beanvalidation.SpringValidatorAdapter.validate(SpringValidatorAdapter.java:117)
	at org.springframework.boot.autoconfigure.validation.ValidatorAdapter.validate(ValidatorAdapter.java:70)
	at org.springframework.validation.DataBinder.validate(DataBinder.java:889)
	at org.springframework.web.servlet.mvc.method.annotation.AbstractMessageConverterMethodArgumentResolver.validateIfApplicable(AbstractMessageConverterMethodArgumentResolver.java:266)
	at org.springframework.web.servlet.mvc.method.annotation.RequestResponseBodyMethodProcessor.resolveArgument(RequestResponseBodyMethodProcessor.java:137)
	at org.springframework.web.method.support.HandlerMethodArgumentResolverComposite.resolveArgument(HandlerMethodArgumentResolverComposite.java:121)
	at org.springframework.web.method.support.InvocableHandlerMethod.getMethodArgumentValues(InvocableHandlerMethod.java:167)
	at org.springframework.web.method.support.InvocableHandlerMethod.invokeForRequest(InvocableHandlerMethod.java:134)
	at org.springframework.web.servlet.mvc.method.annotation.ServletInvocableHandlerMethod.invokeAndHandle(ServletInvocableHandlerMethod.java:105)
	at org.springframework.web.servlet.mvc.method.annotation.RequestMappingHandlerAdapter.invokeHandlerMethod(RequestMappingHandlerAdapter.java:878)
	at org.springframework.web.servlet.mvc.method.annotation.RequestMappingHandlerAdapter.handleInternal(RequestMappingHandlerAdapter.java:792)
	at org.springframework.web.servlet.mvc.method.AbstractHandlerMethodAdapter.handle(AbstractHandlerMethodAdapter.java:87)
	at org.springframework.web.servlet.DispatcherServlet.doDispatch(DispatcherServlet.java:1040)
	at org.springframework.web.servlet.DispatcherServlet.doService(DispatcherServlet.java:943)
	at org.springframework.web.servlet.FrameworkServlet.processRequest(FrameworkServlet.java:1006)
	at org.springframework.web.servlet.FrameworkServlet.doPost(FrameworkServlet.java:909)
	at javax.servlet.http.HttpServlet.service(HttpServlet.java:652)
	at org.springframework.web.servlet.FrameworkServlet.service(FrameworkServlet.java:883)
	at javax.servlet.http.HttpServlet.service(HttpServlet.java:733)
	at org.apache.catalina.core.ApplicationFilterChain.internalDoFilter(ApplicationFilterChain.java:231)
	at org.apache.catalina.core.ApplicationFilterChain.doFilter(ApplicationFilterChain.java:166)
	at org.apache.tomcat.websocket.server.WsFilter.doFilter(WsFilter.java:53)
	at org.apache.catalina.core.ApplicationFilterChain.internalDoFilter(ApplicationFilterChain.java:193)
	at org.apache.catalina.core.ApplicationFilterChain.doFilter(ApplicationFilterChain.java:166)
	at org.springframework.web.filter.RequestContextFilter.doFilterInternal(RequestContextFilter.java:100)
	at org.springframework.web.filter.OncePerRequestFilter.doFilter(OncePerRequestFilter.java:119)
	at org.apache.catalina.core.ApplicationFilterChain.internalDoFilter(ApplicationFilterChain.java:193)
	at org.apache.catalina.core.ApplicationFilterChain.doFilter(ApplicationFilterChain.java:166)
	at org.springframework.web.filter.FormContentFilter.doFilterInternal(FormContentFilter.java:93)
	at org.springframework.web.filter.OncePerRequestFilter.doFilter(OncePerRequestFilter.java:119)
	at org.apache.catalina.core.ApplicationFilterChain.internalDoFilter(ApplicationFilterChain.java:193)
	at org.apache.catalina.core.ApplicationFilterChain.doFilter(ApplicationFilterChain.java:166)
	at org.springframework.boot.actuate.metrics.web.servlet.WebMvcMetricsFilter.doFilterInternal(WebMvcMetricsFilter.java:93)
	at org.springframework.web.filter.OncePerRequestFilter.doFilter(OncePerRequestFilter.java:119)
	at org.apache.catalina.core.ApplicationFilterChain.internalDoFilter(ApplicationFilterChain.java:193)
	at org.apache.catalina.core.ApplicationFilterChain.doFilter(ApplicationFilterChain.java:166)
	at org.springframework.web.filter.CharacterEncodingFilter.doFilterInternal(CharacterEncodingFilter.java:201)
	at org.springframework.web.filter.OncePerRequestFilter.doFilter(OncePerRequestFilter.java:119)
	at org.apache.catalina.core.ApplicationFilterChain.internalDoFilter(ApplicationFilterChain.java:193)
	at org.apache.catalina.core.ApplicationFilterChain.doFilter(ApplicationFilterChain.java:166)
	at org.apache.catalina.core.StandardWrapperValve.invoke(StandardWrapperValve.java:202)
	at org.apache.catalina.core.StandardContextValve.invoke(StandardContextValve.java:96)
	at org.apache.catalina.authenticator.AuthenticatorBase.invoke(AuthenticatorBase.java:541)
	at org.apache.catalina.core.StandardHostValve.invoke(StandardHostValve.java:139)
	at org.apache.catalina.valves.ErrorReportValve.invoke(ErrorReportValve.java:92)
	at org.apache.catalina.core.StandardEngineValve.invoke(StandardEngineValve.java:74)
	at org.apache.catalina.connector.CoyoteAdapter.service(CoyoteAdapter.java:343)
	at org.apache.coyote.http11.Http11Processor.service(Http11Processor.java:373)
	at org.apache.coyote.AbstractProcessorLight.process(AbstractProcessorLight.java:65)
	at org.apache.coyote.AbstractProtocol$ConnectionHandler.process(AbstractProtocol.java:868)
	at org.apache.tomcat.util.net.NioEndpoint$SocketProcessor.doRun(NioEndpoint.java:1589)
	at org.apache.tomcat.util.net.SocketProcessorBase.run(SocketProcessorBase.java:49)
	at java.base/java.util.concurrent.ThreadPoolExecutor.runWorker(ThreadPoolExecutor.java:1128)
	at java.base/java.util.concurrent.ThreadPoolExecutor$Worker.run(ThreadPoolExecutor.java:628)
	at org.apache.tomcat.util.threads.TaskThread$WrappingRunnable.run(TaskThread.java:61)
	at java.base/java.lang.Thread.run(Thread.java:834)
14:00:45.034  WARN [http-nio-8090-exec-4] o.s.w.s.m.s.DefaultHandlerExceptionResolver:199 - Resolved [org.springframework.web.bind.MethodArgumentNotValidException: Validation failed for argument [0] in public org.springframework.http.ResponseEntity<br.com.insuranceadvisor.models.RiskProfile> br.com.insuranceadvisor.controllers.RiskAnalysisController.analyse(br.com.insuranceadvisor.models.Analysis): [Field error in object 'analysis' on field 'dependents': rejected value [-2]; codes [PositiveOrZero.analysis.dependents,PositiveOrZero.dependents,PositiveOrZero.int,PositiveOrZero]; arguments [org.springframework.context.support.DefaultMessageSourceResolvable: codes [analysis.dependents,dependents]; arguments []; default message [dependents]]; default message [${dependents.positive}]] ]
14:01:11.734  INFO [main] b.c.i.InsuranceAdvisorApplication:55 - Starting InsuranceAdvisorApplication on msilvadev with PID 1553 (/home/msilvadev/Documents/workspace/insurance-advisor/target/classes started by msilvadev in /home/msilvadev/Documents/workspace/insurance-advisor)
14:01:11.746  INFO [main] b.c.i.InsuranceAdvisorApplication:655 - The following profiles are active: dev
14:01:13.303  INFO [main] b.c.i.InsuranceAdvisorApplication:61 - Started InsuranceAdvisorApplication in 2.182 seconds (JVM running for 3.031)
14:01:13.307  INFO [main] b.c.i.InsuranceAdvisorApplication:21 - InsuranceAdvisorApplication has completed startup
14:01:16.730  WARN [http-nio-8090-exec-2] o.s.w.s.m.s.DefaultHandlerExceptionResolver:199 - Resolved [org.springframework.web.bind.MethodArgumentNotValidException: Validation failed for argument [0] in public org.springframework.http.ResponseEntity<br.com.insuranceadvisor.models.RiskProfile> br.com.insuranceadvisor.controllers.RiskAnalysisController.analyse(br.com.insuranceadvisor.models.Analysis): [Field error in object 'analysis' on field 'dependents': rejected value [-2]; codes [PositiveOrZero.analysis.dependents,PositiveOrZero.dependents,PositiveOrZero.int,PositiveOrZero]; arguments [org.springframework.context.support.DefaultMessageSourceResolvable: codes [analysis.dependents,dependents]; arguments []; default message [dependents]]; default message [{dependents.positive}]] ]
14:08:41.737  INFO [main] b.c.i.InsuranceAdvisorApplication:55 - Starting InsuranceAdvisorApplication on msilvadev with PID 1915 (/home/msilvadev/Documents/workspace/insurance-advisor/target/classes started by msilvadev in /home/msilvadev/Documents/workspace/insurance-advisor)
14:08:41.740  INFO [main] b.c.i.InsuranceAdvisorApplication:655 - The following profiles are active: dev
14:08:43.290  INFO [main] b.c.i.InsuranceAdvisorApplication:61 - Started InsuranceAdvisorApplication in 2.256 seconds (JVM running for 3.082)
14:08:43.294  INFO [main] b.c.i.InsuranceAdvisorApplication:21 - InsuranceAdvisorApplication has completed startup
14:09:06.831  WARN [http-nio-8090-exec-2] o.s.w.s.m.s.DefaultHandlerExceptionResolver:199 - Resolved [org.springframework.web.bind.MethodArgumentNotValidException: Validation failed for argument [0] in public org.springframework.http.ResponseEntity<br.com.insuranceadvisor.models.RiskProfile> br.com.insuranceadvisor.controllers.RiskAnalysisController.analyse(br.com.insuranceadvisor.models.Analysis): [Field error in object 'analysis' on field 'dependents': rejected value [-2]; codes [PositiveOrZero.analysis.dependents,PositiveOrZero.dependents,PositiveOrZero.int,PositiveOrZero]; arguments [org.springframework.context.support.DefaultMessageSourceResolvable: codes [analysis.dependents,dependents]; arguments []; default message [dependents]]; default message [{dependents.positive}]] ]
14:09:38.440  INFO [http-nio-8090-exec-4] b.c.i.c.RiskAnalysisController:32 - Called RiskAnalysisController method analyse (Analysis{age=35, dependents=2, house=HouseStatus{ownershipStatus=OWNED}, income=0, marital_status=MARRIED, risk_questions=[0, 1, 0], vehicle=Vehicle{year=2018}})
14:09:51.404  WARN [http-nio-8090-exec-5] o.s.w.s.m.s.DefaultHandlerExceptionResolver:199 - Resolved [org.springframework.web.bind.MethodArgumentNotValidException: Validation failed for argument [0] in public org.springframework.http.ResponseEntity<br.com.insuranceadvisor.models.RiskProfile> br.com.insuranceadvisor.controllers.RiskAnalysisController.analyse(br.com.insuranceadvisor.models.Analysis): [Field error in object 'analysis' on field 'riskQuestions': rejected value [{1, 0}]; codes [Size.analysis.riskQuestions,Size.riskQuestions,Size.[I,Size]; arguments [org.springframework.context.support.DefaultMessageSourceResolvable: codes [analysis.riskQuestions,riskQuestions]; arguments []; default message [riskQuestions],3,3]; default message [{risk.questions}]] ]
14:10:22.121  INFO [main] b.c.i.InsuranceAdvisorApplication:55 - Starting InsuranceAdvisorApplication on msilvadev with PID 2412 (/home/msilvadev/Documents/workspace/insurance-advisor/target/classes started by msilvadev in /home/msilvadev/Documents/workspace/insurance-advisor)
14:10:22.122  INFO [main] b.c.i.InsuranceAdvisorApplication:655 - The following profiles are active: dev
14:10:23.671  INFO [main] b.c.i.InsuranceAdvisorApplication:61 - Started InsuranceAdvisorApplication in 2.218 seconds (JVM running for 3.034)
14:10:23.676  INFO [main] b.c.i.InsuranceAdvisorApplication:21 - InsuranceAdvisorApplication has completed startup
14:10:28.676  WARN [http-nio-8090-exec-2] o.s.w.s.m.s.DefaultHandlerExceptionResolver:199 - Resolved [org.springframework.web.bind.MethodArgumentNotValidException: Validation failed for argument [0] in public org.springframework.http.ResponseEntity<br.com.insuranceadvisor.models.RiskProfile> br.com.insuranceadvisor.controllers.RiskAnalysisController.analyse(br.com.insuranceadvisor.models.Analysis): [Field error in object 'analysis' on field 'riskQuestions': rejected value [{1, 0}]; codes [Size.analysis.riskQuestions,Size.riskQuestions,Size.[I,Size]; arguments [org.springframework.context.support.DefaultMessageSourceResolvable: codes [analysis.riskQuestions,riskQuestions]; arguments []; default message [riskQuestions],3,3]; default message [{risk.questions}]] ]
14:11:21.389  INFO [main] b.c.i.InsuranceAdvisorApplication:55 - Starting InsuranceAdvisorApplication on msilvadev with PID 2584 (/home/msilvadev/Documents/workspace/insurance-advisor/target/classes started by msilvadev in /home/msilvadev/Documents/workspace/insurance-advisor)
14:11:21.391  INFO [main] b.c.i.InsuranceAdvisorApplication:655 - The following profiles are active: dev
14:11:23.042  INFO [main] b.c.i.InsuranceAdvisorApplication:61 - Started InsuranceAdvisorApplication in 2.384 seconds (JVM running for 3.118)
14:11:23.047  INFO [main] b.c.i.InsuranceAdvisorApplication:21 - InsuranceAdvisorApplication has completed startup
14:11:27.066  WARN [http-nio-8090-exec-2] o.s.w.s.m.s.DefaultHandlerExceptionResolver:199 - Resolved [org.springframework.web.bind.MethodArgumentNotValidException: Validation failed for argument [0] in public org.springframework.http.ResponseEntity<br.com.insuranceadvisor.models.RiskProfile> br.com.insuranceadvisor.controllers.RiskAnalysisController.analyse(br.com.insuranceadvisor.models.Analysis): [Field error in object 'analysis' on field 'riskQuestions': rejected value [{1, 0}]; codes [Size.analysis.riskQuestions,Size.riskQuestions,Size.[I,Size]; arguments [org.springframework.context.support.DefaultMessageSourceResolvable: codes [analysis.riskQuestions,riskQuestions]; arguments []; default message [riskQuestions],3,3]; default message [Needs answer 3 risk questions]] ]
14:17:34.365  INFO [main] b.c.i.InsuranceAdvisorApplication:55 - Starting InsuranceAdvisorApplication on msilvadev with PID 3027 (/home/msilvadev/Documents/workspace/insurance-advisor/target/classes started by msilvadev in /home/msilvadev/Documents/workspace/insurance-advisor)
14:17:34.366  INFO [main] b.c.i.InsuranceAdvisorApplication:655 - The following profiles are active: dev
14:17:35.969  INFO [main] b.c.i.InsuranceAdvisorApplication:61 - Started InsuranceAdvisorApplication in 2.328 seconds (JVM running for 3.111)
14:17:35.973  INFO [main] b.c.i.InsuranceAdvisorApplication:21 - InsuranceAdvisorApplication has completed startup
14:17:41.255  INFO [http-nio-8090-exec-2] b.c.i.c.RiskAnalysisController:30 - Called RiskAnalysisController method analyse (Analysis{age=35, dependents=2, house=HouseStatus{ownershipStatus=OWNED}, income=0, marital_status=MARRIED, risk_questions=[1, 0], vehicle=Vehicle{year=2018}})
14:18:34.938  INFO [http-nio-8090-exec-3] b.c.i.c.RiskAnalysisController:30 - Called RiskAnalysisController method analyse (Analysis{age=-35, dependents=2, house=HouseStatus{ownershipStatus=OWNED}, income=0, marital_status=MARRIED, risk_questions=[1, 0], vehicle=Vehicle{year=2018}})
14:18:49.054  INFO [main] b.c.i.InsuranceAdvisorApplication:55 - Starting InsuranceAdvisorApplication on msilvadev with PID 3183 (/home/msilvadev/Documents/workspace/insurance-advisor/target/classes started by msilvadev in /home/msilvadev/Documents/workspace/insurance-advisor)
14:18:49.055  INFO [main] b.c.i.InsuranceAdvisorApplication:655 - The following profiles are active: dev
14:18:50.778  INFO [main] b.c.i.InsuranceAdvisorApplication:61 - Started InsuranceAdvisorApplication in 2.501 seconds (JVM running for 3.647)
14:18:50.783  INFO [main] b.c.i.InsuranceAdvisorApplication:21 - InsuranceAdvisorApplication has completed startup
14:19:26.100  INFO [main] b.c.i.InsuranceAdvisorApplication:55 - Starting InsuranceAdvisorApplication on msilvadev with PID 3315 (/home/msilvadev/Documents/workspace/insurance-advisor/target/classes started by msilvadev in /home/msilvadev/Documents/workspace/insurance-advisor)
14:19:26.102  INFO [main] b.c.i.InsuranceAdvisorApplication:655 - The following profiles are active: dev
14:19:27.724  INFO [main] b.c.i.InsuranceAdvisorApplication:61 - Started InsuranceAdvisorApplication in 2.379 seconds (JVM running for 3.214)
14:19:27.729  INFO [main] b.c.i.InsuranceAdvisorApplication:21 - InsuranceAdvisorApplication has completed startup
14:19:35.953  WARN [http-nio-8090-exec-1] o.s.w.s.m.s.DefaultHandlerExceptionResolver:199 - Resolved [org.springframework.web.bind.MethodArgumentNotValidException: Validation failed for argument [0] in public org.springframework.http.ResponseEntity<br.com.insuranceadvisor.models.RiskProfile> br.com.insuranceadvisor.controllers.RiskAnalysisController.analyse(br.com.insuranceadvisor.models.Analysis) with 2 errors: [Field error in object 'analysis' on field 'age': rejected value [-35]; codes [PositiveOrZero.analysis.age,PositiveOrZero.age,PositiveOrZero.int,PositiveOrZero]; arguments [org.springframework.context.support.DefaultMessageSourceResolvable: codes [analysis.age,age]; arguments []; default message [age]]; default message [{age.positive}]] [Field error in object 'analysis' on field 'riskQuestions': rejected value [{1, 0}]; codes [Size.analysis.riskQuestions,Size.riskQuestions,Size.[I,Size]; arguments [org.springframework.context.support.DefaultMessageSourceResolvable: codes [analysis.riskQuestions,riskQuestions]; arguments []; default message [riskQuestions],3,3]; default message [Needs answer 3 risk questions]] ]
14:21:39.401  INFO [main] b.c.i.InsuranceAdvisorApplication:55 - Starting InsuranceAdvisorApplication on msilvadev with PID 3507 (/home/msilvadev/Documents/workspace/insurance-advisor/target/classes started by msilvadev in /home/msilvadev/Documents/workspace/insurance-advisor)
14:21:39.403  INFO [main] b.c.i.InsuranceAdvisorApplication:655 - The following profiles are active: dev
14:21:41.183  INFO [main] b.c.i.InsuranceAdvisorApplication:61 - Started InsuranceAdvisorApplication in 2.456 seconds (JVM running for 3.226)
14:21:41.188  INFO [main] b.c.i.InsuranceAdvisorApplication:21 - InsuranceAdvisorApplication has completed startup
14:21:47.355  WARN [http-nio-8090-exec-2] o.s.w.s.m.s.DefaultHandlerExceptionResolver:199 - Resolved [org.springframework.web.bind.MethodArgumentNotValidException: Validation failed for argument [0] in public org.springframework.http.ResponseEntity<br.com.insuranceadvisor.models.RiskProfile> br.com.insuranceadvisor.controllers.RiskAnalysisController.analyse(br.com.insuranceadvisor.models.Analysis) with 2 errors: [Field error in object 'analysis' on field 'riskQuestions': rejected value [{1, 0}]; codes [Size.analysis.riskQuestions,Size.riskQuestions,Size.[I,Size]; arguments [org.springframework.context.support.DefaultMessageSourceResolvable: codes [analysis.riskQuestions,riskQuestions]; arguments []; default message [riskQuestions],3,3]; default message [Needs answer 3 risk questions]] [Field error in object 'analysis' on field 'age': rejected value [-35]; codes [PositiveOrZero.analysis.age,PositiveOrZero.age,PositiveOrZero.int,PositiveOrZero]; arguments [org.springframework.context.support.DefaultMessageSourceResolvable: codes [analysis.age,age]; arguments []; default message [age]]; default message [Age should not be less than 0]] ]
14:24:19.193  INFO [main] b.c.i.InsuranceAdvisorApplication:55 - Starting InsuranceAdvisorApplication on msilvadev with PID 3674 (/home/msilvadev/Documents/workspace/insurance-advisor/target/classes started by msilvadev in /home/msilvadev/Documents/workspace/insurance-advisor)
14:24:19.194  INFO [main] b.c.i.InsuranceAdvisorApplication:655 - The following profiles are active: dev
14:24:20.993  INFO [main] b.c.i.InsuranceAdvisorApplication:61 - Started InsuranceAdvisorApplication in 2.488 seconds (JVM running for 3.249)
14:24:20.997  INFO [main] b.c.i.InsuranceAdvisorApplication:21 - InsuranceAdvisorApplication has completed startup
14:24:40.831  WARN [http-nio-8090-exec-2] o.s.w.s.m.s.DefaultHandlerExceptionResolver:199 - Resolved [org.springframework.web.bind.MethodArgumentNotValidException: Validation failed for argument [0] in public org.springframework.http.ResponseEntity<br.com.insuranceadvisor.models.RiskProfile> br.com.insuranceadvisor.controllers.RiskAnalysisController.analyse(br.com.insuranceadvisor.models.Analysis): [Field error in object 'analysis' on field 'age': rejected value [-35]; codes [PositiveOrZero.analysis.age,PositiveOrZero.age,PositiveOrZero.int,PositiveOrZero]; arguments [org.springframework.context.support.DefaultMessageSourceResolvable: codes [analysis.age,age]; arguments []; default message [age]]; default message [must be greater than or equal to 0]] ]
14:24:42.267  WARN [http-nio-8090-exec-4] o.s.w.s.m.s.DefaultHandlerExceptionResolver:199 - Resolved [org.springframework.web.bind.MethodArgumentNotValidException: Validation failed for argument [0] in public org.springframework.http.ResponseEntity<br.com.insuranceadvisor.models.RiskProfile> br.com.insuranceadvisor.controllers.RiskAnalysisController.analyse(br.com.insuranceadvisor.models.Analysis): [Field error in object 'analysis' on field 'age': rejected value [-35]; codes [PositiveOrZero.analysis.age,PositiveOrZero.age,PositiveOrZero.int,PositiveOrZero]; arguments [org.springframework.context.support.DefaultMessageSourceResolvable: codes [analysis.age,age]; arguments []; default message [age]]; default message [must be greater than or equal to 0]] ]
14:28:47.697  WARN [http-nio-8090-exec-6] o.s.w.s.m.s.DefaultHandlerExceptionResolver:199 - Resolved [org.springframework.http.converter.HttpMessageNotReadableException: JSON parse error: Cannot deserialize value of type `br.com.insuranceadvisor.models.MaritalStatus` from String "": not one of the values accepted for Enum class: [single, married]; nested exception is com.fasterxml.jackson.databind.exc.InvalidFormatException: Cannot deserialize value of type `br.com.insuranceadvisor.models.MaritalStatus` from String "": not one of the values accepted for Enum class: [single, married]
 at [Source: (PushbackInputStream); line: 6, column: 21] (through reference chain: br.com.insuranceadvisor.models.Analysis["marital_status"])]
14:29:03.678  WARN [http-nio-8090-exec-8] o.s.w.s.m.s.DefaultHandlerExceptionResolver:199 - Resolved [org.springframework.http.converter.HttpMessageNotReadableException: JSON parse error: Cannot deserialize value of type `br.com.insuranceadvisor.models.MaritalStatus` from String "marri": not one of the values accepted for Enum class: [single, married]; nested exception is com.fasterxml.jackson.databind.exc.InvalidFormatException: Cannot deserialize value of type `br.com.insuranceadvisor.models.MaritalStatus` from String "marri": not one of the values accepted for Enum class: [single, married]
 at [Source: (PushbackInputStream); line: 6, column: 21] (through reference chain: br.com.insuranceadvisor.models.Analysis["marital_status"])]
14:33:16.380  INFO [main] b.c.i.InsuranceAdvisorApplication:55 - Starting InsuranceAdvisorApplication on msilvadev with PID 4505 (/home/msilvadev/Documents/workspace/insurance-advisor/target/classes started by msilvadev in /home/msilvadev/Documents/workspace/insurance-advisor)
14:33:16.382  INFO [main] b.c.i.InsuranceAdvisorApplication:655 - The following profiles are active: dev
14:33:18.115  INFO [main] b.c.i.InsuranceAdvisorApplication:61 - Started InsuranceAdvisorApplication in 2.352 seconds (JVM running for 3.193)
14:33:18.120  INFO [main] b.c.i.InsuranceAdvisorApplication:21 - InsuranceAdvisorApplication has completed startup
14:33:25.819  WARN [http-nio-8090-exec-2] o.s.w.s.m.s.DefaultHandlerExceptionResolver:199 - Resolved [org.springframework.web.bind.MethodArgumentNotValidException: Validation failed for argument [0] in public org.springframework.http.ResponseEntity<br.com.insuranceadvisor.models.RiskProfile> br.com.insuranceadvisor.controllers.RiskAnalysisController.analyse(br.com.insuranceadvisor.models.Analysis): [Field error in object 'analysis' on field 'age': rejected value [-35]; codes [PositiveOrZero.analysis.age,PositiveOrZero.age,PositiveOrZero.int,PositiveOrZero]; arguments [org.springframework.context.support.DefaultMessageSourceResolvable: codes [analysis.age,age]; arguments []; default message [age]]; default message [must be greater than or equal to 0]] ]
14:33:56.841  INFO [main] b.c.i.InsuranceAdvisorApplication:55 - Starting InsuranceAdvisorApplication on msilvadev with PID 4651 (/home/msilvadev/Documents/workspace/insurance-advisor/target/classes started by msilvadev in /home/msilvadev/Documents/workspace/insurance-advisor)
14:33:56.860  INFO [main] b.c.i.InsuranceAdvisorApplication:655 - The following profiles are active: dev
14:33:58.712  INFO [main] b.c.i.InsuranceAdvisorApplication:61 - Started InsuranceAdvisorApplication in 2.477 seconds (JVM running for 3.277)
14:33:58.716  INFO [main] b.c.i.InsuranceAdvisorApplication:21 - InsuranceAdvisorApplication has completed startup
14:34:04.364  WARN [http-nio-8090-exec-2] o.s.w.s.m.s.DefaultHandlerExceptionResolver:199 - Resolved [org.springframework.web.bind.MethodArgumentNotValidException: Validation failed for argument [0] in public org.springframework.http.ResponseEntity<br.com.insuranceadvisor.models.RiskProfile> br.com.insuranceadvisor.controllers.RiskAnalysisController.analyse(br.com.insuranceadvisor.models.Analysis): [Field error in object 'analysis' on field 'age': rejected value [-35]; codes [PositiveOrZero.analysis.age,PositiveOrZero.age,PositiveOrZero.int,PositiveOrZero]; arguments [org.springframework.context.support.DefaultMessageSourceResolvable: codes [analysis.age,age]; arguments []; default message [age]]; default message [must be greater than or equal to 0]] ]
14:34:27.626  INFO [main] b.c.i.InsuranceAdvisorApplication:55 - Starting InsuranceAdvisorApplication on msilvadev with PID 4778 (/home/msilvadev/Documents/workspace/insurance-advisor/target/classes started by msilvadev in /home/msilvadev/Documents/workspace/insurance-advisor)
14:34:27.628  INFO [main] b.c.i.InsuranceAdvisorApplication:655 - The following profiles are active: dev
14:34:29.567  INFO [main] b.c.i.InsuranceAdvisorApplication:61 - Started InsuranceAdvisorApplication in 2.534 seconds (JVM running for 3.343)
14:34:29.571  INFO [main] b.c.i.InsuranceAdvisorApplication:21 - InsuranceAdvisorApplication has completed startup
14:34:40.233  WARN [http-nio-8090-exec-2] o.s.w.s.m.s.DefaultHandlerExceptionResolver:199 - Resolved [org.springframework.web.bind.MethodArgumentNotValidException: Validation failed for argument [0] in public org.springframework.http.ResponseEntity<br.com.insuranceadvisor.models.RiskProfile> br.com.insuranceadvisor.controllers.RiskAnalysisController.analyse(br.com.insuranceadvisor.models.Analysis): [Field error in object 'analysis' on field 'age': rejected value [-35]; codes [PositiveOrZero.analysis.age,PositiveOrZero.age,PositiveOrZero.int,PositiveOrZero]; arguments [org.springframework.context.support.DefaultMessageSourceResolvable: codes [analysis.age,age]; arguments []; default message [age]]; default message [must be greater than or equal to 0]] ]
14:35:45.062  INFO [main] b.c.i.InsuranceAdvisorApplication:55 - Starting InsuranceAdvisorApplication on msilvadev with PID 4939 (/home/msilvadev/Documents/workspace/insurance-advisor/target/classes started by msilvadev in /home/msilvadev/Documents/workspace/insurance-advisor)
14:35:45.065  INFO [main] b.c.i.InsuranceAdvisorApplication:655 - The following profiles are active: dev
14:35:46.828  INFO [main] b.c.i.InsuranceAdvisorApplication:61 - Started InsuranceAdvisorApplication in 2.427 seconds (JVM running for 3.321)
14:35:46.832  INFO [main] b.c.i.InsuranceAdvisorApplication:21 - InsuranceAdvisorApplication has completed startup
14:35:50.873  WARN [http-nio-8090-exec-2] o.s.w.s.m.s.DefaultHandlerExceptionResolver:199 - Resolved [org.springframework.web.bind.MethodArgumentNotValidException: Validation failed for argument [0] in public org.springframework.http.ResponseEntity<br.com.insuranceadvisor.models.RiskProfile> br.com.insuranceadvisor.controllers.RiskAnalysisController.analyse(br.com.insuranceadvisor.models.Analysis): [Field error in object 'analysis' on field 'age': rejected value [-35]; codes [PositiveOrZero.analysis.age,PositiveOrZero.age,PositiveOrZero.int,PositiveOrZero]; arguments [org.springframework.context.support.DefaultMessageSourceResolvable: codes [analysis.age,age]; arguments []; default message [age]]; default message [Age should not be less than 0]] ]
14:36:08.062  INFO [main] b.c.i.InsuranceAdvisorApplication:55 - Starting InsuranceAdvisorApplication on msilvadev with PID 5067 (/home/msilvadev/Documents/workspace/insurance-advisor/target/classes started by msilvadev in /home/msilvadev/Documents/workspace/insurance-advisor)
14:36:08.075  INFO [main] b.c.i.InsuranceAdvisorApplication:655 - The following profiles are active: dev
14:36:09.909  INFO [main] b.c.i.InsuranceAdvisorApplication:61 - Started InsuranceAdvisorApplication in 2.397 seconds (JVM running for 3.247)
14:36:09.914  INFO [main] b.c.i.InsuranceAdvisorApplication:21 - InsuranceAdvisorApplication has completed startup
14:36:16.684  WARN [http-nio-8090-exec-1] o.s.w.s.m.s.DefaultHandlerExceptionResolver:199 - Resolved [org.springframework.web.bind.MethodArgumentNotValidException: Validation failed for argument [0] in public org.springframework.http.ResponseEntity<br.com.insuranceadvisor.models.RiskProfile> br.com.insuranceadvisor.controllers.RiskAnalysisController.analyse(br.com.insuranceadvisor.models.Analysis): [Field error in object 'analysis' on field 'age': rejected value [-35]; codes [PositiveOrZero.analysis.age,PositiveOrZero.age,PositiveOrZero.int,PositiveOrZero]; arguments [org.springframework.context.support.DefaultMessageSourceResolvable: codes [analysis.age,age]; arguments []; default message [age]]; default message [asdadadsa]] ]
14:36:18.252  WARN [http-nio-8090-exec-4] o.s.w.s.m.s.DefaultHandlerExceptionResolver:199 - Resolved [org.springframework.web.bind.MethodArgumentNotValidException: Validation failed for argument [0] in public org.springframework.http.ResponseEntity<br.com.insuranceadvisor.models.RiskProfile> br.com.insuranceadvisor.controllers.RiskAnalysisController.analyse(br.com.insuranceadvisor.models.Analysis): [Field error in object 'analysis' on field 'age': rejected value [-35]; codes [PositiveOrZero.analysis.age,PositiveOrZero.age,PositiveOrZero.int,PositiveOrZero]; arguments [org.springframework.context.support.DefaultMessageSourceResolvable: codes [analysis.age,age]; arguments []; default message [age]]; default message [asdadadsa]] ]
14:36:31.922  WARN [http-nio-8090-exec-6] o.s.w.s.m.s.DefaultHandlerExceptionResolver:199 - Resolved [org.springframework.web.bind.MethodArgumentNotValidException: Validation failed for argument [0] in public org.springframework.http.ResponseEntity<br.com.insuranceadvisor.models.RiskProfile> br.com.insuranceadvisor.controllers.RiskAnalysisController.analyse(br.com.insuranceadvisor.models.Analysis): [Field error in object 'analysis' on field 'riskQuestions': rejected value [{1, 0}]; codes [Size.analysis.riskQuestions,Size.riskQuestions,Size.[I,Size]; arguments [org.springframework.context.support.DefaultMessageSourceResolvable: codes [analysis.riskQuestions,riskQuestions]; arguments []; default message [riskQuestions],3,3]; default message [Needs answer 3 risk questions]] ]
14:37:25.917  INFO [main] b.c.i.InsuranceAdvisorApplication:55 - Starting InsuranceAdvisorApplication on msilvadev with PID 5218 (/home/msilvadev/Documents/workspace/insurance-advisor/target/classes started by msilvadev in /home/msilvadev/Documents/workspace/insurance-advisor)
14:37:25.919  INFO [main] b.c.i.InsuranceAdvisorApplication:655 - The following profiles are active: dev
14:37:27.680  INFO [main] b.c.i.InsuranceAdvisorApplication:61 - Started InsuranceAdvisorApplication in 2.406 seconds (JVM running for 3.359)
14:37:27.684  INFO [main] b.c.i.InsuranceAdvisorApplication:21 - InsuranceAdvisorApplication has completed startup
14:37:35.432  WARN [http-nio-8090-exec-2] o.s.w.s.m.s.DefaultHandlerExceptionResolver:199 - Resolved [org.springframework.web.bind.MethodArgumentNotValidException: Validation failed for argument [0] in public org.springframework.http.ResponseEntity<br.com.insuranceadvisor.models.RiskProfile> br.com.insuranceadvisor.controllers.RiskAnalysisController.analyse(br.com.insuranceadvisor.models.Analysis): [Field error in object 'analysis' on field 'riskQuestions': rejected value [{1, 0}]; codes [Size.analysis.riskQuestions,Size.riskQuestions,Size.[I,Size]; arguments [org.springframework.context.support.DefaultMessageSourceResolvable: codes [analysis.riskQuestions,riskQuestions]; arguments []; default message [riskQuestions],3,3]; default message [Needs answer 3 risk questions]] ]
14:50:04.199  INFO [main] b.c.i.InsuranceAdvisorApplication:55 - Starting InsuranceAdvisorApplication on msilvadev with PID 5685 (/home/msilvadev/Documents/workspace/insurance-advisor/target/classes started by msilvadev in /home/msilvadev/Documents/workspace/insurance-advisor)
14:50:04.201  INFO [main] b.c.i.InsuranceAdvisorApplication:655 - The following profiles are active: dev
14:50:06.129  INFO [main] b.c.i.InsuranceAdvisorApplication:61 - Started InsuranceAdvisorApplication in 2.457 seconds (JVM running for 3.649)
14:50:06.134  INFO [main] b.c.i.InsuranceAdvisorApplication:21 - InsuranceAdvisorApplication has completed startup
14:50:17.810  WARN [http-nio-8090-exec-2] o.s.w.s.m.s.DefaultHandlerExceptionResolver:199 - Resolved [org.springframework.web.bind.MethodArgumentNotValidException: Validation failed for argument [0] in public org.springframework.http.ResponseEntity<br.com.insuranceadvisor.models.RiskProfile> br.com.insuranceadvisor.controllers.RiskAnalysisController.analyse(br.com.insuranceadvisor.models.Analysis): [Field error in object 'analysis' on field 'riskQuestions': rejected value [{1, 0}]; codes [Size.analysis.riskQuestions,Size.riskQuestions,Size.[I,Size]; arguments [org.springframework.context.support.DefaultMessageSourceResolvable: codes [analysis.riskQuestions,riskQuestions]; arguments []; default message [riskQuestions],3,3]; default message [Needs answer 3 risk questions]] ]
14:51:09.481  INFO [main] b.c.i.InsuranceAdvisorApplication:55 - Starting InsuranceAdvisorApplication on msilvadev with PID 5955 (/home/msilvadev/Documents/workspace/insurance-advisor/target/classes started by msilvadev in /home/msilvadev/Documents/workspace/insurance-advisor)
14:51:09.483  INFO [main] b.c.i.InsuranceAdvisorApplication:655 - The following profiles are active: dev
14:51:11.095  INFO [main] b.c.i.InsuranceAdvisorApplication:61 - Started InsuranceAdvisorApplication in 2.182 seconds (JVM running for 2.991)
14:51:11.099  INFO [main] b.c.i.InsuranceAdvisorApplication:21 - InsuranceAdvisorApplication has completed startup
14:51:19.870  WARN [http-nio-8090-exec-1] o.s.w.s.m.s.DefaultHandlerExceptionResolver:199 - Resolved [org.springframework.web.bind.MethodArgumentNotValidException: Validation failed for argument [0] in public org.springframework.http.ResponseEntity<br.com.insuranceadvisor.models.RiskProfile> br.com.insuranceadvisor.controllers.RiskAnalysisController.analyse(br.com.insuranceadvisor.models.Analysis): [Field error in object 'analysis' on field 'riskQuestions': rejected value [{1, 0}]; codes [Size.analysis.riskQuestions,Size.riskQuestions,Size.[I,Size]; arguments [org.springframework.context.support.DefaultMessageSourceResolvable: codes [analysis.riskQuestions,riskQuestions]; arguments []; default message [riskQuestions],3,3]; default message [Needs answer 3 risk questions]] ]
14:58:37.574  WARN [http-nio-8090-exec-4] o.s.w.s.m.s.DefaultHandlerExceptionResolver:199 - Resolved [org.springframework.web.bind.MethodArgumentNotValidException: Validation failed for argument [0] in public org.springframework.http.ResponseEntity<br.com.insuranceadvisor.models.RiskProfile> br.com.insuranceadvisor.controllers.RiskAnalysisController.analyse(br.com.insuranceadvisor.models.Analysis): [Field error in object 'analysis' on field 'riskQuestions': rejected value [{1, 0}]; codes [Size.analysis.riskQuestions,Size.riskQuestions,Size.[I,Size]; arguments [org.springframework.context.support.DefaultMessageSourceResolvable: codes [analysis.riskQuestions,riskQuestions]; arguments []; default message [riskQuestions],3,3]; default message [Needs answer 3 risk questions]] ]
14:58:46.655  INFO [main] b.c.i.InsuranceAdvisorApplication:55 - Starting InsuranceAdvisorApplication on msilvadev with PID 6271 (/home/msilvadev/Documents/workspace/insurance-advisor/target/classes started by msilvadev in /home/msilvadev/Documents/workspace/insurance-advisor)
14:58:46.656  INFO [main] b.c.i.InsuranceAdvisorApplication:655 - The following profiles are active: dev
14:58:48.416  INFO [main] b.c.i.InsuranceAdvisorApplication:61 - Started InsuranceAdvisorApplication in 2.427 seconds (JVM running for 3.27)
14:58:48.421  INFO [main] b.c.i.InsuranceAdvisorApplication:21 - InsuranceAdvisorApplication has completed startup
14:58:56.239  WARN [http-nio-8090-exec-2] o.s.w.s.m.s.DefaultHandlerExceptionResolver:199 - Resolved [org.springframework.web.bind.MethodArgumentNotValidException: Validation failed for argument [0] in public org.springframework.http.ResponseEntity<br.com.insuranceadvisor.models.RiskProfile> br.com.insuranceadvisor.controllers.RiskAnalysisController.analyse(br.com.insuranceadvisor.models.Analysis): [Field error in object 'analysis' on field 'riskQuestions': rejected value [{1, 0}]; codes [Size.analysis.riskQuestions,Size.riskQuestions,Size.[I,Size]; arguments [org.springframework.context.support.DefaultMessageSourceResolvable: codes [analysis.riskQuestions,riskQuestions]; arguments []; default message [riskQuestions],3,3]; default message [Needs answer 3 risk questions]] ]
14:59:37.396  INFO [main] b.c.i.InsuranceAdvisorApplication:55 - Starting InsuranceAdvisorApplication on msilvadev with PID 6399 (/home/msilvadev/Documents/workspace/insurance-advisor/target/classes started by msilvadev in /home/msilvadev/Documents/workspace/insurance-advisor)
14:59:37.397  INFO [main] b.c.i.InsuranceAdvisorApplication:655 - The following profiles are active: dev
14:59:39.193  INFO [main] b.c.i.InsuranceAdvisorApplication:61 - Started InsuranceAdvisorApplication in 2.423 seconds (JVM running for 3.288)
14:59:39.198  INFO [main] b.c.i.InsuranceAdvisorApplication:21 - InsuranceAdvisorApplication has completed startup
15:00:00.296  WARN [http-nio-8090-exec-2] o.s.w.s.m.s.DefaultHandlerExceptionResolver:199 - Resolved [org.springframework.web.bind.MethodArgumentNotValidException: Validation failed for argument [0] in public org.springframework.http.ResponseEntity<br.com.insuranceadvisor.models.RiskProfile> br.com.insuranceadvisor.controllers.RiskAnalysisController.analyse(br.com.insuranceadvisor.models.Analysis): [Field error in object 'analysis' on field 'riskQuestions': rejected value [{1, 0}]; codes [Size.analysis.riskQuestions,Size.riskQuestions,Size.[I,Size]; arguments [org.springframework.context.support.DefaultMessageSourceResolvable: codes [analysis.riskQuestions,riskQuestions]; arguments []; default message [riskQuestions],3,3]; default message [Needs answer 3 risk questions]] ]
15:00:38.489  WARN [http-nio-8090-exec-4] o.s.w.s.m.s.DefaultHandlerExceptionResolver:199 - Resolved [org.springframework.web.bind.MethodArgumentNotValidException: Validation failed for argument [0] in public org.springframework.http.ResponseEntity<br.com.insuranceadvisor.models.RiskProfile> br.com.insuranceadvisor.controllers.RiskAnalysisController.analyse(br.com.insuranceadvisor.models.Analysis): [Field error in object 'analysis' on field 'age': rejected value [-35]; codes [PositiveOrZero.analysis.age,PositiveOrZero.age,PositiveOrZero.int,PositiveOrZero]; arguments [org.springframework.context.support.DefaultMessageSourceResolvable: codes [analysis.age,age]; arguments []; default message [age]]; default message [Age should not be less than 0]] ]
15:06:26.449  INFO [main] b.c.i.InsuranceAdvisorApplication:55 - Starting InsuranceAdvisorApplication on msilvadev with PID 6869 (/home/msilvadev/Documents/workspace/insurance-advisor/target/classes started by msilvadev in /home/msilvadev/Documents/workspace/insurance-advisor)
15:06:26.450  INFO [main] b.c.i.InsuranceAdvisorApplication:655 - The following profiles are active: dev
15:06:28.154  INFO [main] b.c.i.InsuranceAdvisorApplication:61 - Started InsuranceAdvisorApplication in 2.3 seconds (JVM running for 3.175)
15:06:28.158  INFO [main] b.c.i.InsuranceAdvisorApplication:21 - InsuranceAdvisorApplication has completed startup
15:06:39.974  WARN [http-nio-8090-exec-2] o.s.w.s.m.s.DefaultHandlerExceptionResolver:199 - Resolved [org.springframework.web.bind.MethodArgumentNotValidException: Validation failed for argument [0] in public org.springframework.http.ResponseEntity<br.com.insuranceadvisor.models.RiskProfile> br.com.insuranceadvisor.controllers.RiskAnalysisController.analyse(br.com.insuranceadvisor.models.Analysis): [Field error in object 'analysis' on field 'age': rejected value [-35]; codes [PositiveOrZero.analysis.age,PositiveOrZero.age,PositiveOrZero.int,PositiveOrZero]; arguments [org.springframework.context.support.DefaultMessageSourceResolvable: codes [analysis.age,age]; arguments []; default message [age]]; default message [Age should not be less than 0]] ]
15:06:58.689  INFO [main] b.c.i.InsuranceAdvisorApplication:55 - Starting InsuranceAdvisorApplication on msilvadev with PID 7006 (/home/msilvadev/Documents/workspace/insurance-advisor/target/classes started by msilvadev in /home/msilvadev/Documents/workspace/insurance-advisor)
15:06:58.691  INFO [main] b.c.i.InsuranceAdvisorApplication:655 - The following profiles are active: dev
15:07:00.412  INFO [main] b.c.i.InsuranceAdvisorApplication:61 - Started InsuranceAdvisorApplication in 2.34 seconds (JVM running for 3.205)
15:07:00.416  INFO [main] b.c.i.InsuranceAdvisorApplication:21 - InsuranceAdvisorApplication has completed startup
15:08:57.972  INFO [main] b.c.i.InsuranceAdvisorApplication:55 - Starting InsuranceAdvisorApplication on msilvadev with PID 7189 (/home/msilvadev/Documents/workspace/insurance-advisor/target/classes started by msilvadev in /home/msilvadev/Documents/workspace/insurance-advisor)
15:08:57.973  INFO [main] b.c.i.InsuranceAdvisorApplication:655 - The following profiles are active: dev
15:08:59.735  INFO [main] b.c.i.InsuranceAdvisorApplication:61 - Started InsuranceAdvisorApplication in 2.354 seconds (JVM running for 3.132)
15:08:59.740  INFO [main] b.c.i.InsuranceAdvisorApplication:21 - InsuranceAdvisorApplication has completed startup
